[2024-02-27 15:13:04] [INFO]    [OmnipathR] Welcome to OmnipathR!
[2024-02-27 15:13:04] [TRACE]   [OmnipathR] Reading JSON from `/gpfs/gpfs1/scratch/c1041165/.cache/OmnipathR/cache.json` (encoding: UTF-8).
[2024-02-27 15:13:04] [TRACE]   [OmnipathR] JSON validation successful: TRUE
[2024-02-27 15:13:04] [INFO]    [OmnipathR] Initialized cache: `/gpfs/gpfs1/scratch/c1041165/.cache/OmnipathR`.
[2024-02-27 15:13:04] [TRACE]   [OmnipathR] Reading JSON from `/gpfs/gpfs1/scratch/c1041165/R/x86_64-conda-linux-gnu-library/4.1/OmnipathR/db/db_def.json` (encoding: UTF-8).
[2024-02-27 15:13:04] [TRACE]   [OmnipathR] JSON validation successful: TRUE
[2024-02-27 15:13:04] [TRACE]   [OmnipathR] Reading JSON from `/gpfs/gpfs1/scratch/c1041165/R/x86_64-conda-linux-gnu-library/4.1/OmnipathR/internal/magic_bytes.json` (encoding: UTF-8).
[2024-02-27 15:13:04] [TRACE]   [OmnipathR] JSON validation successful: TRUE
[2024-02-27 15:13:04] [TRACE]   [OmnipathR] Reading JSON from `/gpfs/gpfs1/scratch/c1041165/R/x86_64-conda-linux-gnu-library/4.1/OmnipathR/internal/urls.json` (encoding: UTF-8).
[2024-02-27 15:13:04] [TRACE]   [OmnipathR] JSON validation successful: TRUE
[2024-02-27 15:13:05] [TRACE]   [OmnipathR] Reading JSON from `/gpfs/gpfs1/scratch/c1041165/R/x86_64-conda-linux-gnu-library/4.1/OmnipathR/internal/id_types.json` (encoding: UTF-8).
[2024-02-27 15:13:05] [TRACE]   [OmnipathR] JSON validation successful: TRUE
[2024-02-27 15:13:30] [TRACE]   [OmnipathR] Loaded data from RDS `/gpfs/gpfs1/scratch/c1041165/.cache/OmnipathR/3098404926bc0cf155d043ff0c6efe64e3424b74-1.rds`.
[2024-02-27 15:13:30] [INFO]    [OmnipathR] Loaded from cache: `https://omnipathdb.org/interactions?genesymbols=yes&datasets=omnipath,pathwayextra,kinaseextra,ligrecextra&organisms=9606&fields=datasets,sources,references,curation_effort&license=academic`
[2024-02-27 15:13:38] [SUCCESS] [OmnipathR] Loaded 134282 interactions from cache.
[2024-02-27 15:13:38] [TRACE]   [OmnipathR] Loaded data from RDS `/gpfs/gpfs1/scratch/c1041165/.cache/OmnipathR/1ac430724a20c137fc374a8499adabb468a12835-1.rds`.
[2024-02-27 15:13:38] [INFO]    [OmnipathR] Loaded from cache: `https://omnipathdb.org/intercell?scope=generic&causality=trans&license=academic`
[2024-02-27 15:13:38] [SUCCESS] [OmnipathR] Loaded 29651 intercellular communication role records from cache.
[2024-02-27 15:13:39] [TRACE]   [OmnipathR] Loaded data from RDS `/gpfs/gpfs1/scratch/c1041165/.cache/OmnipathR/552757063f9934c7b745a9c4247c3b5282a66c88-1.rds`.
[2024-02-27 15:13:39] [INFO]    [OmnipathR] Loaded from cache: `https://omnipathdb.org/intercell?scope=generic&causality=rec&license=academic`
[2024-02-27 15:13:39] [SUCCESS] [OmnipathR] Loaded 45334 intercellular communication role records from cache.
