[2025-11-10 14:06:17] [INFO]    [OmnipathR] Welcome to OmnipathR!
[2025-11-10 14:06:17] [TRACE]   [OmnipathR] Reading JSON from `/gpfs/gpfs1/scratch/c9881013/.cache/OmnipathR/cache.json` (encoding: UTF-8).
[2025-11-10 14:06:17] [TRACE]   [OmnipathR] JSON validation successful: TRUE
[2025-11-10 14:06:17] [INFO]    [OmnipathR] Initialized cache: `/gpfs/gpfs1/scratch/c9881013/.cache/OmnipathR`.
[2025-11-10 14:06:17] [TRACE]   [OmnipathR] Reading JSON from `/gpfs/gpfs1/scratch/c9881013/.conda_envs/r-omnideconv/lib/R/library/OmnipathR/db/db_def.json` (encoding: UTF-8).
[2025-11-10 14:06:17] [TRACE]   [OmnipathR] JSON validation successful: TRUE
[2025-11-10 14:06:17] [TRACE]   [OmnipathR] Reading JSON from `/gpfs/gpfs1/scratch/c9881013/.conda_envs/r-omnideconv/lib/R/library/OmnipathR/internal/magic_bytes.json` (encoding: UTF-8).
[2025-11-10 14:06:17] [TRACE]   [OmnipathR] JSON validation successful: TRUE
[2025-11-10 14:06:17] [TRACE]   [OmnipathR] Reading JSON from `/gpfs/gpfs1/scratch/c9881013/.conda_envs/r-omnideconv/lib/R/library/OmnipathR/internal/urls.json` (encoding: UTF-8).
[2025-11-10 14:06:17] [TRACE]   [OmnipathR] JSON validation successful: TRUE
[2025-11-10 14:06:17] [TRACE]   [OmnipathR] Reading JSON from `/gpfs/gpfs1/scratch/c9881013/.conda_envs/r-omnideconv/lib/R/library/OmnipathR/internal/id_types.json` (encoding: UTF-8).
[2025-11-10 14:06:17] [TRACE]   [OmnipathR] JSON validation successful: TRUE
[2025-11-10 14:06:25] [TRACE]   [OmnipathR] Reading JSON from `https://omnipathdb.org/resources` (encoding: UTF-8).
[2025-11-10 14:06:25] [TRACE]   [OmnipathR] JSON validation successful: TRUE
[2025-11-10 14:06:25] [INFO]    [OmnipathR] Loading database `Ensembl and OMA organism names`.
[2025-11-10 14:06:25] [INFO]    [OmnipathR] Looking up in cache `https://www.ensembl.org/info/about/species.html`: key=7332486db7400730697234bad76ca0c8e4d00799, latest version=1.
[2025-11-10 14:06:25] [TRACE]   [OmnipathR] Cache file path: /gpfs/gpfs1/scratch/c9881013/.cache/OmnipathR/7332486db7400730697234bad76ca0c8e4d00799-1.html
[2025-11-10 14:06:25] [TRACE]   [OmnipathR] Looking up in cache: `https://omabrowser.org/All/oma-species.txt`.
[2025-11-10 14:06:25] [TRACE]   [OmnipathR] Loaded data from RDS `/gpfs/gpfs1/scratch/c9881013/.cache/OmnipathR/30e690cbb55dfc63b5903ab337f34ffc2f4be397-1.rds`.
[2025-11-10 14:06:25] [INFO]    [OmnipathR] Loaded database `Ensembl and OMA organism names`.
[2025-11-10 14:06:26] [TRACE]   [OmnipathR] Reading JSON from `https://omnipathdb.org/resources` (encoding: UTF-8).
[2025-11-10 14:06:26] [TRACE]   [OmnipathR] JSON validation successful: TRUE
[2025-11-10 14:06:26] [TRACE]   [OmnipathR] Looking up in cache: `https://omnipathdb.org/annotations?resources=PROGENy&license=academic`
[2025-11-10 14:06:27] [TRACE]   [OmnipathR] Loaded data from RDS `/gpfs/gpfs1/scratch/c9881013/.cache/OmnipathR/3492392585ba05414edfae46801492076437d7e7-1.rds`.
[2025-11-10 14:06:27] [INFO]    [OmnipathR] Loaded from cache: `https://omnipathdb.org/annotations?resources=PROGENy&license=academic`
[2025-11-10 14:06:27] [SUCCESS] [OmnipathR] Loaded 700239 annotation records from cache.
