[2024-02-27 20:15:09] [INFO]    [OmnipathR] Welcome to OmnipathR!
[2024-02-27 20:15:09] [TRACE]   [OmnipathR] Reading JSON from `/home/czackl/.cache/OmnipathR/cache.json` (encoding: UTF-8).
[2024-02-27 20:15:09] [TRACE]   [OmnipathR] JSON validation successful: TRUE
[2024-02-27 20:15:09] [INFO]    [OmnipathR] Initialized cache: `/home/czackl/.cache/OmnipathR`.
[2024-02-27 20:15:09] [TRACE]   [OmnipathR] Reading JSON from `/home/czackl/R/x86_64-pc-linux-gnu-library/4.3/OmnipathR/db/db_def.json` (encoding: UTF-8).
[2024-02-27 20:15:09] [TRACE]   [OmnipathR] JSON validation successful: TRUE
[2024-02-27 20:15:09] [TRACE]   [OmnipathR] Reading JSON from `/home/czackl/R/x86_64-pc-linux-gnu-library/4.3/OmnipathR/internal/magic_bytes.json` (encoding: UTF-8).
[2024-02-27 20:15:09] [TRACE]   [OmnipathR] JSON validation successful: TRUE
[2024-02-27 20:15:09] [TRACE]   [OmnipathR] Reading JSON from `/home/czackl/R/x86_64-pc-linux-gnu-library/4.3/OmnipathR/internal/urls.json` (encoding: UTF-8).
[2024-02-27 20:15:09] [TRACE]   [OmnipathR] JSON validation successful: TRUE
[2024-02-27 20:15:09] [TRACE]   [OmnipathR] Reading JSON from `/home/czackl/R/x86_64-pc-linux-gnu-library/4.3/OmnipathR/internal/id_types.json` (encoding: UTF-8).
[2024-02-27 20:15:09] [TRACE]   [OmnipathR] JSON validation successful: TRUE
[2024-02-27 20:15:22] [TRACE]   [OmnipathR] Reading JSON from `https://omnipathdb.org/resources` (encoding: UTF-8).
[2024-02-27 20:15:22] [TRACE]   [OmnipathR] JSON validation successful: TRUE
[2024-02-27 20:15:22] [INFO]    [OmnipathR] Loading database `Ensembl and OMA organism names`.
[2024-02-27 20:15:22] [INFO]    [OmnipathR] Looking up in cache `https://www.ensembl.org/info/about/species.html`: key=7332486db7400730697234bad76ca0c8e4d00799, latest version=1.
[2024-02-27 20:15:22] [TRACE]   [OmnipathR] Cache file path: /home/czackl/.cache/OmnipathR/7332486db7400730697234bad76ca0c8e4d00799-1.html
[2024-02-27 20:15:22] [TRACE]   [OmnipathR] Looking up in cache: `https://omabrowser.org/All/oma-species.txt`.
[2024-02-27 20:15:22] [TRACE]   [OmnipathR] Loaded data from RDS `/home/czackl/.cache/OmnipathR/30e690cbb55dfc63b5903ab337f34ffc2f4be397-1.rds`.
[2024-02-27 20:15:22] [INFO]    [OmnipathR] Loaded database `Ensembl and OMA organism names`.
[2024-02-27 20:15:22] [TRACE]   [OmnipathR] Reading JSON from `https://omnipathdb.org/resources` (encoding: UTF-8).
[2024-02-27 20:15:22] [TRACE]   [OmnipathR] JSON validation successful: TRUE
[2024-02-27 20:15:22] [TRACE]   [OmnipathR] Looking up in cache: `https://omnipathdb.org/annotations?resources=PROGENy&license=academic`
[2024-02-27 20:15:24] [TRACE]   [OmnipathR] Loaded data from RDS `/home/czackl/.cache/OmnipathR/3492392585ba05414edfae46801492076437d7e7-1.rds`.
[2024-02-27 20:15:24] [INFO]    [OmnipathR] Loaded from cache: `https://omnipathdb.org/annotations?resources=PROGENy&license=academic`
[2024-02-27 20:15:24] [SUCCESS] [OmnipathR] Loaded 700257 annotation records from cache.
[2024-02-27 20:15:29] [INFO]    [OmnipathR] Welcome to OmnipathR!
[2024-02-27 20:15:29] [TRACE]   [OmnipathR] Reading JSON from `/home/czackl/.cache/OmnipathR/cache.json` (encoding: UTF-8).
[2024-02-27 20:15:29] [TRACE]   [OmnipathR] JSON validation successful: TRUE
[2024-02-27 20:15:29] [INFO]    [OmnipathR] Initialized cache: `/home/czackl/.cache/OmnipathR`.
[2024-02-27 20:15:29] [TRACE]   [OmnipathR] Reading JSON from `/home/czackl/R/x86_64-pc-linux-gnu-library/4.3/OmnipathR/db/db_def.json` (encoding: UTF-8).
[2024-02-27 20:15:29] [TRACE]   [OmnipathR] JSON validation successful: TRUE
[2024-02-27 20:15:29] [TRACE]   [OmnipathR] Reading JSON from `/home/czackl/R/x86_64-pc-linux-gnu-library/4.3/OmnipathR/internal/magic_bytes.json` (encoding: UTF-8).
[2024-02-27 20:15:29] [TRACE]   [OmnipathR] JSON validation successful: TRUE
[2024-02-27 20:15:29] [TRACE]   [OmnipathR] Reading JSON from `/home/czackl/R/x86_64-pc-linux-gnu-library/4.3/OmnipathR/internal/urls.json` (encoding: UTF-8).
[2024-02-27 20:15:29] [TRACE]   [OmnipathR] JSON validation successful: TRUE
[2024-02-27 20:15:29] [TRACE]   [OmnipathR] Reading JSON from `/home/czackl/R/x86_64-pc-linux-gnu-library/4.3/OmnipathR/internal/id_types.json` (encoding: UTF-8).
[2024-02-27 20:15:29] [TRACE]   [OmnipathR] JSON validation successful: TRUE
[2024-02-27 20:15:46] [INFO]    [OmnipathR] Welcome to OmnipathR!
[2024-02-27 20:15:46] [TRACE]   [OmnipathR] Reading JSON from `/home/czackl/.cache/OmnipathR/cache.json` (encoding: UTF-8).
[2024-02-27 20:15:46] [TRACE]   [OmnipathR] JSON validation successful: TRUE
[2024-02-27 20:15:46] [INFO]    [OmnipathR] Initialized cache: `/home/czackl/.cache/OmnipathR`.
[2024-02-27 20:15:46] [TRACE]   [OmnipathR] Reading JSON from `/home/czackl/R/x86_64-pc-linux-gnu-library/4.3/OmnipathR/db/db_def.json` (encoding: UTF-8).
[2024-02-27 20:15:46] [TRACE]   [OmnipathR] JSON validation successful: TRUE
[2024-02-27 20:15:46] [TRACE]   [OmnipathR] Reading JSON from `/home/czackl/R/x86_64-pc-linux-gnu-library/4.3/OmnipathR/internal/magic_bytes.json` (encoding: UTF-8).
[2024-02-27 20:15:46] [TRACE]   [OmnipathR] JSON validation successful: TRUE
[2024-02-27 20:15:46] [TRACE]   [OmnipathR] Reading JSON from `/home/czackl/R/x86_64-pc-linux-gnu-library/4.3/OmnipathR/internal/urls.json` (encoding: UTF-8).
[2024-02-27 20:15:46] [TRACE]   [OmnipathR] JSON validation successful: TRUE
[2024-02-27 20:15:46] [TRACE]   [OmnipathR] Reading JSON from `/home/czackl/R/x86_64-pc-linux-gnu-library/4.3/OmnipathR/internal/id_types.json` (encoding: UTF-8).
[2024-02-27 20:15:46] [TRACE]   [OmnipathR] JSON validation successful: TRUE
[2024-02-27 20:16:04] [INFO]    [OmnipathR] Loading database `Ensembl and OMA organism names`.
[2024-02-27 20:16:04] [INFO]    [OmnipathR] Looking up in cache `https://www.ensembl.org/info/about/species.html`: key=7332486db7400730697234bad76ca0c8e4d00799, latest version=1.
[2024-02-27 20:16:04] [TRACE]   [OmnipathR] Cache file path: /home/czackl/.cache/OmnipathR/7332486db7400730697234bad76ca0c8e4d00799-1.html
[2024-02-27 20:16:05] [TRACE]   [OmnipathR] Looking up in cache: `https://omabrowser.org/All/oma-species.txt`.
[2024-02-27 20:16:05] [TRACE]   [OmnipathR] Loaded data from RDS `/home/czackl/.cache/OmnipathR/30e690cbb55dfc63b5903ab337f34ffc2f4be397-1.rds`.
[2024-02-27 20:16:05] [INFO]    [OmnipathR] Loaded database `Ensembl and OMA organism names`.
[2024-02-27 20:16:05] [TRACE]   [OmnipathR] Looking up in cache: `https://omnipathdb.org/interactions?genesymbols=yes&datasets=omnipath,pathwayextra,kinaseextra,ligrecextra&organisms=9606&fields=datasets,sources,references,curation_effort&license=academic`
[2024-02-27 20:16:05] [TRACE]   [OmnipathR] Loaded data from RDS `/home/czackl/.cache/OmnipathR/3098404926bc0cf155d043ff0c6efe64e3424b74-1.rds`.
[2024-02-27 20:16:05] [INFO]    [OmnipathR] Loaded from cache: `https://omnipathdb.org/interactions?genesymbols=yes&datasets=omnipath,pathwayextra,kinaseextra,ligrecextra&organisms=9606&fields=datasets,sources,references,curation_effort&license=academic`
[2024-02-27 20:16:07] [SUCCESS] [OmnipathR] Loaded 134282 interactions from cache.
[2024-02-27 20:16:07] [TRACE]   [OmnipathR] Looking up in cache: `https://omnipathdb.org/intercell?scope=generic&causality=trans&license=academic`
[2024-02-27 20:16:07] [TRACE]   [OmnipathR] Loaded data from RDS `/home/czackl/.cache/OmnipathR/1ac430724a20c137fc374a8499adabb468a12835-1.rds`.
[2024-02-27 20:16:07] [INFO]    [OmnipathR] Loaded from cache: `https://omnipathdb.org/intercell?scope=generic&causality=trans&license=academic`
[2024-02-27 20:16:07] [SUCCESS] [OmnipathR] Loaded 29651 intercellular communication role records from cache.
[2024-02-27 20:16:07] [TRACE]   [OmnipathR] Looking up in cache: `https://omnipathdb.org/intercell?scope=generic&causality=rec&license=academic`
[2024-02-27 20:16:07] [TRACE]   [OmnipathR] Loaded data from RDS `/home/czackl/.cache/OmnipathR/552757063f9934c7b745a9c4247c3b5282a66c88-1.rds`.
[2024-02-27 20:16:07] [INFO]    [OmnipathR] Loaded from cache: `https://omnipathdb.org/intercell?scope=generic&causality=rec&license=academic`
[2024-02-27 20:16:07] [SUCCESS] [OmnipathR] Loaded 45334 intercellular communication role records from cache.
