[2024-02-27 15:00:31] [INFO]    [OmnipathR] Welcome to OmnipathR!
[2024-02-27 15:00:31] [TRACE]   [OmnipathR] Reading JSON from `/Users/czackl/Library/Caches/OmnipathR/cache.json` (encoding: UTF-8).
[2024-02-27 15:00:31] [TRACE]   [OmnipathR] JSON validation successful: TRUE
[2024-02-27 15:00:31] [INFO]    [OmnipathR] Initialized cache: `/Users/czackl/Library/Caches/OmnipathR`.
[2024-02-27 15:00:31] [TRACE]   [OmnipathR] Reading JSON from `/Library/Frameworks/R.framework/Versions/4.2/Resources/library/OmnipathR/db/db_def.json` (encoding: UTF-8).
[2024-02-27 15:00:31] [TRACE]   [OmnipathR] JSON validation successful: TRUE
[2024-02-27 15:00:31] [TRACE]   [OmnipathR] Reading JSON from `/Library/Frameworks/R.framework/Versions/4.2/Resources/library/OmnipathR/internal/magic_bytes.json` (encoding: UTF-8).
[2024-02-27 15:00:31] [TRACE]   [OmnipathR] JSON validation successful: TRUE
[2024-02-27 15:00:31] [TRACE]   [OmnipathR] Reading JSON from `/Library/Frameworks/R.framework/Versions/4.2/Resources/library/OmnipathR/internal/urls.json` (encoding: UTF-8).
[2024-02-27 15:00:31] [TRACE]   [OmnipathR] JSON validation successful: TRUE
[2024-02-27 15:00:31] [TRACE]   [OmnipathR] Reading JSON from `/Library/Frameworks/R.framework/Versions/4.2/Resources/library/OmnipathR/internal/id_types.json` (encoding: UTF-8).
[2024-02-27 15:00:31] [TRACE]   [OmnipathR] JSON validation successful: TRUE
[2024-02-27 15:00:32] [TRACE]   [OmnipathR] Reading JSON from `https://omnipathdb.org/resources` (encoding: UTF-8).
[2024-02-27 15:00:32] [TRACE]   [OmnipathR] JSON validation successful: TRUE
[2024-02-27 15:00:32] [INFO]    [OmnipathR] Loading database `Ensembl and OMA organism names`.
[2024-02-27 15:00:32] [INFO]    [OmnipathR] Looking up in cache `https://www.ensembl.org/info/about/species.html`: key=7332486db7400730697234bad76ca0c8e4d00799, latest version=1.
[2024-02-27 15:00:32] [TRACE]   [OmnipathR] Cache file path: /Users/czackl/Library/Caches/OmnipathR/7332486db7400730697234bad76ca0c8e4d00799-1.html
[2024-02-27 15:00:32] [TRACE]   [OmnipathR] Looking up in cache: `https://omabrowser.org/All/oma-species.txt`.
[2024-02-27 15:00:32] [TRACE]   [OmnipathR] Loaded data from RDS `/Users/czackl/Library/Caches/OmnipathR/30e690cbb55dfc63b5903ab337f34ffc2f4be397-1.rds`.
[2024-02-27 15:00:32] [INFO]    [OmnipathR] Loaded database `Ensembl and OMA organism names`.
[2024-02-27 15:00:32] [TRACE]   [OmnipathR] Reading JSON from `https://omnipathdb.org/resources` (encoding: UTF-8).
[2024-02-27 15:00:32] [TRACE]   [OmnipathR] JSON validation successful: TRUE
[2024-02-27 15:00:32] [TRACE]   [OmnipathR] Looking up in cache: `https://omnipathdb.org/annotations?resources=PROGENy&license=academic`
[2024-02-27 15:00:33] [TRACE]   [OmnipathR] Loaded data from RDS `/Users/czackl/Library/Caches/OmnipathR/3492392585ba05414edfae46801492076437d7e7-1.rds`.
[2024-02-27 15:00:33] [INFO]    [OmnipathR] Loaded from cache: `https://omnipathdb.org/annotations?resources=PROGENy&license=academic`
[2024-02-27 15:00:33] [SUCCESS] [OmnipathR] Loaded 700239 annotation records from cache.
