[2023-01-20 19:25:15] [INFO]    [OmnipathR] Welcome to OmnipathR!
[2023-01-20 19:25:15] [INFO]    [OmnipathR] Initialized cache: `/home/czackl/.cache/OmnipathR`.
[2023-01-20 19:25:17] [INFO]    [OmnipathR] Cache record does not exist: `https://omnipathdb.org/annotations?resources=PROGENy&license=academic`
[2023-01-20 19:25:17] [INFO]    [OmnipathR] Retrieving URL: `https://omnipathdb.org/annotations?resources=PROGENy&license=academic`
[2023-01-20 19:25:17] [TRACE]   [OmnipathR] Attempt 1/3: `https://omnipathdb.org/annotations?resources=PROGENy&license=academic`
[2023-01-20 19:25:21] [INFO]    [OmnipathR] Cache item `3492392585ba05414edfae46801492076437d7e7` version 1: status changed from `unknown` to `started`.
[2023-01-20 19:25:21] [TRACE]   [OmnipathR] Exporting object to RDS: `/home/czackl/.cache/OmnipathR/3492392585ba05414edfae46801492076437d7e7-1.rds`.
[2023-01-20 19:25:25] [TRACE]   [OmnipathR] Exported RDS to `/home/czackl/.cache/OmnipathR/3492392585ba05414edfae46801492076437d7e7-1.rds`.
[2023-01-20 19:25:25] [INFO]    [OmnipathR] Download ready [key=3492392585ba05414edfae46801492076437d7e7, version=1]
[2023-01-20 19:25:25] [INFO]    [OmnipathR] Cache item `3492392585ba05414edfae46801492076437d7e7` version 1: status changed from `started` to `ready`.
[2023-01-20 19:25:25] [SUCCESS] [OmnipathR] Downloaded 700257 annotation records.
[2023-01-20 19:25:50] [INFO]    [OmnipathR] Cache record does not exist: `https://omnipathdb.org/interactions?genesymbols=yes&datasets=dorothea&organisms=9606&dorothea_levels=A,B,C,D&fields=sources,references,curation_effort,dorothea_level&license=academic`
[2023-01-20 19:25:50] [INFO]    [OmnipathR] Retrieving URL: `https://omnipathdb.org/interactions?genesymbols=yes&datasets=dorothea&organisms=9606&dorothea_levels=A,B,C,D&fields=sources,references,curation_effort,dorothea_level&license=academic`
[2023-01-20 19:25:50] [TRACE]   [OmnipathR] Attempt 1/3: `https://omnipathdb.org/interactions?genesymbols=yes&datasets=dorothea&organisms=9606&dorothea_levels=A,B,C,D&fields=sources,references,curation_effort,dorothea_level&license=academic`
[2023-01-20 19:25:53] [INFO]    [OmnipathR] Cache item `46d37339bbc3f9a05bb89ccb79278cf1233f5cdf` version 1: status changed from `unknown` to `started`.
[2023-01-20 19:25:53] [TRACE]   [OmnipathR] Exporting object to RDS: `/home/czackl/.cache/OmnipathR/46d37339bbc3f9a05bb89ccb79278cf1233f5cdf-1.rds`.
[2023-01-20 19:25:54] [TRACE]   [OmnipathR] Exported RDS to `/home/czackl/.cache/OmnipathR/46d37339bbc3f9a05bb89ccb79278cf1233f5cdf-1.rds`.
[2023-01-20 19:25:54] [INFO]    [OmnipathR] Download ready [key=46d37339bbc3f9a05bb89ccb79278cf1233f5cdf, version=1]
[2023-01-20 19:25:54] [INFO]    [OmnipathR] Cache item `46d37339bbc3f9a05bb89ccb79278cf1233f5cdf` version 1: status changed from `started` to `ready`.
[2023-01-20 19:25:57] [SUCCESS] [OmnipathR] Downloaded 278482 interactions.
[2023-01-20 19:26:12] [TRACE]   [OmnipathR] Loaded data from RDS `/home/czackl/.cache/OmnipathR/3492392585ba05414edfae46801492076437d7e7-1.rds`.
[2023-01-20 19:26:12] [INFO]    [OmnipathR] Loaded from cache: `https://omnipathdb.org/annotations?resources=PROGENy&license=academic`
[2023-01-20 19:26:12] [SUCCESS] [OmnipathR] Loaded 700257 annotation records from cache.
[2023-01-20 19:44:35] [TRACE]   [OmnipathR] Loaded data from RDS `/home/czackl/.cache/OmnipathR/3492392585ba05414edfae46801492076437d7e7-1.rds`.
[2023-01-20 19:44:35] [INFO]    [OmnipathR] Loaded from cache: `https://omnipathdb.org/annotations?resources=PROGENy&license=academic`
[2023-01-20 19:44:35] [SUCCESS] [OmnipathR] Loaded 700257 annotation records from cache.
